<?xml version="1.0" encoding="UTF-8"?>
<Site BuildName="(empty)"
	BuildStamp="20241223-0057-Experimental"
	Name="kufushatec-Latitude-5310"
	Generator="ctest-3.22.1"
	CompilerName="/usr/bin/c++"
	CompilerVersion="11.4.0"
	OSName="Linux"
	Hostname="kufushatec-Latitude-5310"
	OSRelease="6.8.0-49-generic"
	OSVersion="#49~22.04.1-Ubuntu SMP PREEMPT_DYNAMIC Wed Nov  6 17:42:15 UTC 2"
	OSPlatform="x86_64"
	Is64Bits="1"
	VendorString="GenuineIntel"
	VendorID="Intel Corporation"
	FamilyID="6"
	ModelID="142"
	ProcessorCacheSize="6144"
	NumberOfLogicalCPU="8"
	NumberOfPhysicalCPU="4"
	TotalVirtualMemory="2047"
	TotalPhysicalMemory="39798"
	LogicalProcessorsPerPhysical="2"
	ProcessorClockFrequency="3300.03"
	>
	<Testing>
		<StartDateTime>Dec 23 10:17 JST</StartDateTime>
		<StartTestTime>1734916672</StartTestTime>
		<TestList/>
		<EndDateTime>Dec 23 10:17 JST</EndDateTime>
		<EndTestTime>1734916672</EndTestTime>
		<ElapsedMinutes>0</ElapsedMinutes>
	</Testing>
</Site>
